c:\users\ronald\documents\visual studio projects\c++\mfcdraw\mfcdraw\debug\mfcdraw.pch
c:\users\ronald\documents\visual studio projects\c++\mfcdraw\mfcdraw\debug\vc141.pdb
c:\users\ronald\documents\visual studio projects\c++\mfcdraw\mfcdraw\debug\vc141.idb
c:\users\ronald\documents\visual studio projects\c++\mfcdraw\mfcdraw\debug\stdafx.obj
c:\users\ronald\documents\visual studio projects\c++\mfcdraw\mfcdraw\debug\caret.obj
c:\users\ronald\documents\visual studio projects\c++\mfcdraw\mfcdraw\debug\childfrm.obj
c:\users\ronald\documents\visual studio projects\c++\mfcdraw\mfcdraw\debug\color.obj
c:\users\ronald\documents\visual studio projects\c++\mfcdraw\mfcdraw\debug\figure.obj
c:\users\ronald\documents\visual studio projects\c++\mfcdraw\mfcdraw\debug\font.obj
c:\users\ronald\documents\visual studio projects\c++\mfcdraw\mfcdraw\debug\linefigure.obj
c:\users\ronald\documents\visual studio projects\c++\mfcdraw\mfcdraw\debug\mainfrm.obj
c:\users\ronald\documents\visual studio projects\c++\mfcdraw\mfcdraw\debug\mfcdraw.obj
c:\users\ronald\documents\visual studio projects\c++\mfcdraw\mfcdraw\debug\mfcdrawdoc.obj
c:\users\ronald\documents\visual studio projects\c++\mfcdraw\mfcdraw\debug\mylist.obj
c:\users\ronald\documents\visual studio projects\c++\mfcdraw\mfcdraw\debug\twodimensionalfigure.obj
c:\users\ronald\documents\visual studio projects\c++\mfcdraw\mfcdraw\debug\mfcdrawview.obj
c:\users\ronald\documents\visual studio projects\c++\mfcdraw\mfcdraw\debug\mfcdraw.res
c:\users\ronald\documents\visual studio projects\c++\mfcdraw\debug\mfcdraw.pdb
c:\users\ronald\documents\visual studio projects\c++\mfcdraw\mfcdraw\debug\mfcdraw.tlog\cl.command.1.tlog
c:\users\ronald\documents\visual studio projects\c++\mfcdraw\mfcdraw\debug\mfcdraw.tlog\cl.read.1.tlog
c:\users\ronald\documents\visual studio projects\c++\mfcdraw\mfcdraw\debug\mfcdraw.tlog\cl.write.1.tlog
c:\users\ronald\documents\visual studio projects\c++\mfcdraw\mfcdraw\debug\mfcdraw.tlog\link-cvtres.read.1.tlog
c:\users\ronald\documents\visual studio projects\c++\mfcdraw\mfcdraw\debug\mfcdraw.tlog\link-cvtres.write.1.tlog
c:\users\ronald\documents\visual studio projects\c++\mfcdraw\mfcdraw\debug\mfcdraw.tlog\link-mt.read.1.tlog
c:\users\ronald\documents\visual studio projects\c++\mfcdraw\mfcdraw\debug\mfcdraw.tlog\link-mt.write.1.tlog
c:\users\ronald\documents\visual studio projects\c++\mfcdraw\mfcdraw\debug\mfcdraw.tlog\link-rc.read.1.tlog
c:\users\ronald\documents\visual studio projects\c++\mfcdraw\mfcdraw\debug\mfcdraw.tlog\link-rc.write.1.tlog
c:\users\ronald\documents\visual studio projects\c++\mfcdraw\mfcdraw\debug\mfcdraw.tlog\link.4080-cvtres.read.1.tlog
c:\users\ronald\documents\visual studio projects\c++\mfcdraw\mfcdraw\debug\mfcdraw.tlog\link.4080-cvtres.write.1.tlog
c:\users\ronald\documents\visual studio projects\c++\mfcdraw\mfcdraw\debug\mfcdraw.tlog\link.4080-mt.read.1.tlog
c:\users\ronald\documents\visual studio projects\c++\mfcdraw\mfcdraw\debug\mfcdraw.tlog\link.4080-mt.write.1.tlog
c:\users\ronald\documents\visual studio projects\c++\mfcdraw\mfcdraw\debug\mfcdraw.tlog\link.4080-rc.read.1.tlog
c:\users\ronald\documents\visual studio projects\c++\mfcdraw\mfcdraw\debug\mfcdraw.tlog\link.4080-rc.write.1.tlog
c:\users\ronald\documents\visual studio projects\c++\mfcdraw\mfcdraw\debug\mfcdraw.tlog\link.4080.read.1.tlog
c:\users\ronald\documents\visual studio projects\c++\mfcdraw\mfcdraw\debug\mfcdraw.tlog\link.4080.write.1.tlog
c:\users\ronald\documents\visual studio projects\c++\mfcdraw\mfcdraw\debug\mfcdraw.tlog\link.command.1.tlog
c:\users\ronald\documents\visual studio projects\c++\mfcdraw\mfcdraw\debug\mfcdraw.tlog\link.read.1.tlog
c:\users\ronald\documents\visual studio projects\c++\mfcdraw\mfcdraw\debug\mfcdraw.tlog\link.write.1.tlog
c:\users\ronald\documents\visual studio projects\c++\mfcdraw\mfcdraw\debug\mfcdraw.tlog\rc.command.1.tlog
c:\users\ronald\documents\visual studio projects\c++\mfcdraw\mfcdraw\debug\mfcdraw.tlog\rc.read.1.tlog
c:\users\ronald\documents\visual studio projects\c++\mfcdraw\mfcdraw\debug\mfcdraw.tlog\rc.write.1.tlog
